Build started 08/08/2022 12:30:03.
     1>Project "C:\Users\Solmyr\Documents\Visual Studio 2010\Projects\3dEngine\3dEngine\3dEngine.vcxproj" on node 2 (rebuild target(s)).
     1>_PrepareForClean:
         Deleting file "x64\Release\3dEngine.lastbuildstate".
       InitializeBuildStatus:
         Creating "x64\Release\3dEngine.unsuccessfulbuild" because "AlwaysCreate" was specified.
       ClCompile:
         C:\Program Files (x86)\Microsoft Visual Studio 10.0\VC\bin\x86_amd64\CL.exe /c /I"C:\Users\Solmyr\Documents\Visual Studio 2010\Projects\3dEngine\3dEngine" /Zi /nologo /W4 /WX- /O2 /Oi /GL /D _MBCS /Gm- /MD /GS /Gy /fp:precise /Zc:wchar_t /Zc:forScope /GR- /Fo"x64\Release\\" /Fd"x64\Release\vc100.pdb" /Gd /TP /wd4100 /wd4201 /wd4505 /errorReport:prompt martins_opengl.cpp
         martins_opengl.cpp
     1>martins_opengl.cpp(228): warning C4189: 'atom' : local variable is initialized but not referenced
     1>martins_opengl.cpp(287): warning C4189: 'ok' : local variable is initialized but not referenced
     1>martins_opengl.cpp(317): warning C4189: 'ok' : local variable is initialized but not referenced
       Link:
         C:\Program Files (x86)\Microsoft Visual Studio 10.0\VC\bin\x86_amd64\link.exe /ERRORREPORT:PROMPT /OUT:"C:\Users\Solmyr\Documents\Visual Studio 2010\Projects\3dEngine\x64\Release\3dEngine.exe" /NOLOGO opengl32.lib winmm.lib kernel32.lib user32.lib gdi32.lib winspool.lib comdlg32.lib advapi32.lib shell32.lib ole32.lib oleaut32.lib uuid.lib odbc32.lib odbccp32.lib /MANIFEST /ManifestFile:"x64\Release\3dEngine.exe.intermediate.manifest" /MANIFESTUAC:"level='asInvoker' uiAccess='false'" /DEBUG /PDB:"C:\Users\Solmyr\Documents\Visual Studio 2010\Projects\3dEngine\x64\Release\3dEngine.pdb" /OPT:REF /OPT:ICF /LTCG /TLBID:1 /DYNAMICBASE /NXCOMPAT /IMPLIB:"C:\Users\Solmyr\Documents\Visual Studio 2010\Projects\3dEngine\x64\Release\3dEngine.lib" /MACHINE:X64 x64\Release\martins_opengl.obj
         Generating code
         Finished generating code
         3dEngine.vcxproj -> C:\Users\Solmyr\Documents\Visual Studio 2010\Projects\3dEngine\x64\Release\3dEngine.exe
       Manifest:
         C:\Program Files (x86)\Microsoft SDKs\Windows\v7.0A\bin\mt.exe /nologo /verbose /outputresource:"C:\Users\Solmyr\Documents\Visual Studio 2010\Projects\3dEngine\x64\Release\3dEngine.exe;#1" /manifest x64\Release\3dEngine.exe.intermediate.manifest
       FinalizeBuildStatus:
         Deleting file "x64\Release\3dEngine.unsuccessfulbuild".
         Touching "x64\Release\3dEngine.lastbuildstate".
     1>Done Building Project "C:\Users\Solmyr\Documents\Visual Studio 2010\Projects\3dEngine\3dEngine\3dEngine.vcxproj" (rebuild target(s)).

Build succeeded.

Time Elapsed 00:00:00.51
